<testng-results>
  <reporter-output>
  </reporter-output>
  <suite name="generic-dao-hibernate">
    <groups>
    </groups>
    <test name="br.com.arsmachina.dao.hibernate.GenericDAOImplTest">
      <class name="br.com.arsmachina.dao.hibernate.GenericDAOImplTest">
        <test-method status="PASS" signature="getClassMetadata()" name="getClassMetadata" duration-ms="1" started-at="2009-08-27T20:01:03Z" finished-at="2009-08-27T20:01:03Z">
        </test-method>
        <test-method status="PASS" signature="getEntityClass()" name="getEntityClass" duration-ms="2" started-at="2009-08-27T20:01:03Z" finished-at="2009-08-27T20:01:03Z">
        </test-method>
        <test-method status="PASS" signature="delete()" name="delete" duration-ms="3" started-at="2009-08-27T20:01:03Z" finished-at="2009-08-27T20:01:03Z">
        </test-method>
        <test-method status="PASS" signature="beforeClass()" name="beforeClass" is-config="true" duration-ms="741" started-at="2009-08-27T20:01:02Z" finished-at="2009-08-27T20:01:03Z">
        </test-method>
        <test-method status="PASS" signature="refresh()" name="refresh" duration-ms="1" started-at="2009-08-27T20:01:03Z" finished-at="2009-08-27T20:01:03Z">
        </test-method>
        <test-method status="PASS" signature="getSessionFactory()" name="getSessionFactory" duration-ms="4" started-at="2009-08-27T20:01:03Z" finished-at="2009-08-27T20:01:03Z">
        </test-method>
        <test-method status="PASS" signature="setUp()" name="setUp" is-config="true" duration-ms="43" started-at="2009-08-27T20:01:03Z" finished-at="2009-08-27T20:01:03Z">
        </test-method>
        <test-method status="PASS" signature="setUp()" name="setUp" is-config="true" duration-ms="0" started-at="2009-08-27T20:01:03Z" finished-at="2009-08-27T20:01:03Z">
        </test-method>
        <test-method status="PASS" signature="setUp()" name="setUp" is-config="true" duration-ms="0" started-at="2009-08-27T20:01:03Z" finished-at="2009-08-27T20:01:03Z">
        </test-method>
        <test-method status="PASS" signature="setUp()" name="setUp" is-config="true" duration-ms="1" started-at="2009-08-27T20:01:03Z" finished-at="2009-08-27T20:01:03Z">
        </test-method>
        <test-method status="PASS" signature="setUp()" name="setUp" is-config="true" duration-ms="1" started-at="2009-08-27T20:01:03Z" finished-at="2009-08-27T20:01:03Z">
        </test-method>
        <test-method status="FAIL" signature="reattach()" name="reattach" duration-ms="14" started-at="2009-08-27T20:01:03Z" finished-at="2009-08-27T20:01:03Z">
          <exception class="java.lang.AssertionError">
            <full-stacktrace>
              <![CDATA[java.lang.AssertionError
	at br.com.arsmachina.dao.hibernate.GenericDAOImplTest.reattach(GenericDAOImplTest.java:181)
	at sun.reflect.NativeMethodAccessorImpl.invoke0(Native Method)
	at sun.reflect.NativeMethodAccessorImpl.invoke(NativeMethodAccessorImpl.java:39)
	at sun.reflect.DelegatingMethodAccessorImpl.invoke(DelegatingMethodAccessorImpl.java:25)
	at java.lang.reflect.Method.invoke(Method.java:597)
	at org.testng.internal.MethodHelper.invokeMethod(MethodHelper.java:607)
	at org.testng.internal.Invoker.invokeMethod(Invoker.java:517)
	at org.testng.internal.Invoker.invokeTestMethod(Invoker.java:669)
	at org.testng.internal.Invoker.invokeTestMethods(Invoker.java:956)
	at org.testng.internal.TestMethodWorker.invokeTestMethods(TestMethodWorker.java:126)
	at org.testng.internal.TestMethodWorker.run(TestMethodWorker.java:110)
	at org.testng.TestRunner.runWorkers(TestRunner.java:759)
	at org.testng.TestRunner.privateRun(TestRunner.java:592)
	at org.testng.TestRunner.run(TestRunner.java:486)
	at org.testng.SuiteRunner.runTest(SuiteRunner.java:332)
	at org.testng.SuiteRunner.runSequentially(SuiteRunner.java:327)
	at org.testng.SuiteRunner.privateRun(SuiteRunner.java:299)
	at org.testng.SuiteRunner.run(SuiteRunner.java:204)
	at org.testng.TestNG.createAndRunSuiteRunners(TestNG.java:877)
	at org.testng.TestNG.runSuitesLocally(TestNG.java:842)
	at org.testng.TestNG.run(TestNG.java:751)
	at org.testng.remote.RemoteTestNG.run(RemoteTestNG.java:73)
	at org.testng.remote.RemoteTestNG.main(RemoteTestNG.java:124)
]]>
            </full-stacktrace>
          </exception>
        </test-method>
        <test-method status="PASS" signature="setUp()" name="setUp" is-config="true" duration-ms="1" started-at="2009-08-27T20:01:03Z" finished-at="2009-08-27T20:01:03Z">
        </test-method>
        <test-method status="PASS" signature="setUp()" name="setUp" is-config="true" duration-ms="1" started-at="2009-08-27T20:01:03Z" finished-at="2009-08-27T20:01:03Z">
        </test-method>
        <test-method status="PASS" signature="update()" name="update" duration-ms="45" started-at="2009-08-27T20:01:03Z" finished-at="2009-08-27T20:01:03Z">
        </test-method>
        <test-method status="PASS" signature="testReadableDAOImplAlone()" name="testReadableDAOImplAlone" duration-ms="2" started-at="2009-08-27T20:01:03Z" finished-at="2009-08-27T20:01:03Z">
        </test-method>
        <test-method status="PASS" signature="setUp()" name="setUp" is-config="true" duration-ms="0" started-at="2009-08-27T20:01:03Z" finished-at="2009-08-27T20:01:03Z">
        </test-method>
        <test-method status="PASS" signature="setUp()" name="setUp" is-config="true" duration-ms="0" started-at="2009-08-27T20:01:03Z" finished-at="2009-08-27T20:01:03Z">
        </test-method>
        <test-method status="PASS" signature="setUp()" name="setUp" is-config="true" duration-ms="1" started-at="2009-08-27T20:01:03Z" finished-at="2009-08-27T20:01:03Z">
        </test-method>
        <test-method status="PASS" signature="setUp()" name="setUp" is-config="true" duration-ms="1" started-at="2009-08-27T20:01:03Z" finished-at="2009-08-27T20:01:03Z">
        </test-method>
        <test-method status="PASS" signature="evict()" name="evict" duration-ms="1" started-at="2009-08-27T20:01:03Z" finished-at="2009-08-27T20:01:03Z">
        </test-method>
        <test-method status="PASS" signature="getSession()" name="getSession" duration-ms="1" started-at="2009-08-27T20:01:03Z" finished-at="2009-08-27T20:01:03Z">
        </test-method>
        <test-method status="PASS" signature="getPrimaryKeyPropertyName()" name="getPrimaryKeyPropertyName" duration-ms="1" started-at="2009-08-27T20:01:03Z" finished-at="2009-08-27T20:01:03Z">
        </test-method>
        <test-method status="PASS" signature="setUp()" name="setUp" is-config="true" duration-ms="0" started-at="2009-08-27T20:01:03Z" finished-at="2009-08-27T20:01:03Z">
        </test-method>
        <test-method status="PASS" signature="save()" name="save" duration-ms="4" started-at="2009-08-27T20:01:03Z" finished-at="2009-08-27T20:01:03Z">
        </test-method>
        <test-method status="PASS" signature="constructor()" name="constructor" duration-ms="2" started-at="2009-08-27T20:01:03Z" finished-at="2009-08-27T20:01:03Z">
        </test-method>
        <test-method status="PASS" signature="setUp()" name="setUp" is-config="true" duration-ms="1" started-at="2009-08-27T20:01:03Z" finished-at="2009-08-27T20:01:03Z">
        </test-method>
        <test-method status="PASS" signature="setUp()" name="setUp" is-config="true" duration-ms="1" started-at="2009-08-27T20:01:03Z" finished-at="2009-08-27T20:01:03Z">
        </test-method>
        <test-method status="PASS" signature="isPersistent()" name="isPersistent" duration-ms="0" started-at="2009-08-27T20:01:03Z" finished-at="2009-08-27T20:01:03Z">
        </test-method>
      </class>
    </test>
  </suite>
</testng-results>
